execve("/usr/bin/bash", ["bash", "hellobash.sh"], 0x7ffd75760058 /* 44 vars */) = 0
mmap(NULL, 8192, PROT_READ|PROT_WRITE, MAP_PRIVATE|MAP_ANONYMOUS, -1, 0) = 0x7f6c07ac1000
openat(AT_FDCWD, "/etc/ld.so.cache", O_RDONLY|O_CLOEXEC) = 3
mmap(NULL, 58663, PROT_READ, MAP_PRIVATE, 3, 0) = 0x7f6c07ab2000
close(3)                                = 0
openat(AT_FDCWD, "/lib/x86_64-linux-gnu/libtinfo.so.6", O_RDONLY|O_CLOEXEC) = 3
read(3, "\177ELF\2\1\1\0\0\0\0\0\0\0\0\0\3\0>\0\1\0\0\0\0\0\0\0\0\0\0\0"..., 832) = 832
mmap(NULL, 203040, PROT_READ, MAP_PRIVATE|MAP_DENYWRITE, 3, 0) = 0x7f6c07a80000
mmap(0x7f6c07a8e000, 69632, PROT_READ|PROT_EXEC, MAP_PRIVATE|MAP_FIXED|MAP_DENYWRITE, 3, 0xe000) = 0x7f6c07a8e000
mmap(0x7f6c07a9f000, 57344, PROT_READ, MAP_PRIVATE|MAP_FIXED|MAP_DENYWRITE, 3, 0x1f000) = 0x7f6c07a9f000
mmap(0x7f6c07aad000, 20480, PROT_READ|PROT_WRITE, MAP_PRIVATE|MAP_FIXED|MAP_DENYWRITE, 3, 0x2c000) = 0x7f6c07aad000
close(3)                                = 0
openat(AT_FDCWD, "/lib/x86_64-linux-gnu/libc.so.6", O_RDONLY|O_CLOEXEC) = 3
read(3, "\177ELF\2\1\1\3\0\0\0\0\0\0\0\0\3\0>\0\1\0\0\0P\237\2\0\0\0\0\0"..., 832) = 832
mmap(NULL, 2264656, PROT_READ, MAP_PRIVATE|MAP_DENYWRITE, 3, 0) = 0x7f6c07800000
mmap(0x7f6c07828000, 1658880, PROT_READ|PROT_EXEC, MAP_PRIVATE|MAP_FIXED|MAP_DENYWRITE, 3, 0x28000) = 0x7f6c07828000
mmap(0x7f6c079bd000, 360448, PROT_READ, MAP_PRIVATE|MAP_FIXED|MAP_DENYWRITE, 3, 0x1bd000) = 0x7f6c079bd000
mmap(0x7f6c07a16000, 24576, PROT_READ|PROT_WRITE, MAP_PRIVATE|MAP_FIXED|MAP_DENYWRITE, 3, 0x215000) = 0x7f6c07a16000
mmap(0x7f6c07a1c000, 52816, PROT_READ|PROT_WRITE, MAP_PRIVATE|MAP_FIXED|MAP_ANONYMOUS, -1, 0) = 0x7f6c07a1c000
close(3)                                = 0
mmap(NULL, 12288, PROT_READ|PROT_WRITE, MAP_PRIVATE|MAP_ANONYMOUS, -1, 0) = 0x7f6c07a7d000
openat(AT_FDCWD, "/dev/tty", O_RDWR|O_NONBLOCK) = 3
close(3)                                = 0
openat(AT_FDCWD, "/usr/lib/locale/locale-archive", O_RDONLY|O_CLOEXEC) = 3
mmap(NULL, 5712208, PROT_READ, MAP_PRIVATE, 3, 0) = 0x7f6c07200000
close(3)                                = 0
openat(AT_FDCWD, "/usr/lib/x86_64-linux-gnu/gconv/gconv-modules.cache", O_RDONLY) = 3
mmap(NULL, 27002, PROT_READ, MAP_SHARED, 3, 0) = 0x7f6c07aba000
close(3)                                = 0
openat(AT_FDCWD, "hellobash.sh", O_RDONLY) = 3
read(3, "#!/bin/bash\nprintf \"Hello, World"..., 80) = 38
close(3)                                = 0
read(255, "#!/bin/bash\nprintf \"Hello, World"..., 38) = 38
write(1, "Hello, World!\n", 14)         = 14
read(255, "", 38)                       = 0
+++ exited with 0 +++
